<?xml version="1.0" encoding="UTF-8"?>
<!-- Generated by org.testng.reporters.JUnitReportReporter -->
<testsuite skipped="0" hostname="US-5CG0253H67" name="BasicProj.Basicproj.DemoTest" tests="2" failures="0" timestamp="27 Jul 2022 05:48:00 GMT" time="78.662" errors="0">
  <testcase name="AccessoriesPage" time="29.274" classname="BasicProj.Basicproj.DemoTest"/>
  <testcase name="podspage" time="49.388" classname="BasicProj.Basicproj.DemoTest"/>
</testsuite> <!-- BasicProj.Basicproj.DemoTest -->
